2025-02-24 10:49:59,407 - [app] - INFO - /config\app.env 文件已存在，检查内容
2025-02-24 10:49:59,409 - [app] - INFO - /config\app.env 文件内容已更新
2025-02-24 10:50:43,471 - [app] - INFO - /config\app.env 文件已存在，检查内容
2025-02-24 10:50:43,473 - [app] - INFO - /config\app.env 文件内容已更新
2025-02-24 10:50:45,337 - [app] - INFO - /config\app.env 文件已存在，检查内容
2025-02-24 10:50:45,339 - [app] - INFO - /config\app.env 文件内容已更新
2025-02-24 10:53:28,903 - [app] - INFO - /config\app.env 文件已存在，检查内容
2025-02-24 10:53:28,922 - [app] - INFO - /config\app.env 文件内容已更新
2025-02-24 10:54:22,148 - [app] - INFO - /config\app.env 文件已存在，检查内容
2025-02-24 10:54:22,153 - [app] - INFO - /config\app.env 文件内容已更新
2025-02-24 10:54:50,515 - [app] - INFO - /config\app.env 文件已存在，检查内容
2025-02-24 10:54:50,526 - [app] - INFO - /config\app.env 文件内容已更新
2025-02-24 10:57:31,948 - [app] - INFO - 正在创建 G:\PythonProject\alist-strm-main\config\app.env 文件
2025-02-24 10:57:31,951 - [app] - INFO - 成功创建 G:\PythonProject\alist-strm-main\config\app.env 文件
2025-02-24 10:58:19,836 - [app] - INFO - G:\PythonProject\alist-strm-main\config\app.env 文件已存在，检查内容
2025-02-24 10:58:19,841 - [app] - INFO - G:\PythonProject\alist-strm-main\config\app.env 文件内容已更新
2025-02-24 10:59:25,725 - [app] - INFO - G:\PythonProject\alist-strm-main\config\app.env 文件已存在，检查内容
2025-02-24 10:59:25,731 - [app] - INFO - G:\PythonProject\alist-strm-main\config\app.env 文件内容已更新
2025-02-24 10:59:36,525 - [app] - INFO - G:\PythonProject\alist-strm-main\config\app.env 文件已存在，检查内容
2025-02-24 10:59:36,527 - [app] - INFO - G:\PythonProject\alist-strm-main\config\app.env 文件内容已更新
2025-02-24 11:01:17,370 - [app] - INFO - G:\PythonProject\alist-strm-main\config\app.env 文件已存在，检查内容
2025-02-24 11:01:17,372 - [app] - INFO - G:\PythonProject\alist-strm-main\config\app.env 文件内容已更新
2025-02-24 11:01:19,268 - [app] - INFO - G:\PythonProject\alist-strm-main\config\app.env 文件已存在，检查内容
2025-02-24 11:01:19,271 - [app] - INFO - G:\PythonProject\alist-strm-main\config\app.env 文件内容已更新
2025-02-24 11:09:27,385 - [app] - INFO - G:\PythonProject\alist-strm-main\config\app.env 文件已存在，检查内容
2025-02-24 11:09:27,397 - [app] - INFO - G:\PythonProject\alist-strm-main\config\app.env 文件内容已更新
2025-02-24 11:10:33,322 - [app] - INFO - G:\PythonProject\alist-strm-main\config\app.env 文件已存在，检查内容
2025-02-24 11:10:33,325 - [app] - INFO - G:\PythonProject\alist-strm-main\config\app.env 文件内容已更新
2025-02-24 11:10:41,771 - [app] - INFO - G:\PythonProject\alist-strm-main\config\app.env 文件已存在，检查内容
2025-02-24 11:10:41,773 - [app] - INFO - G:\PythonProject\alist-strm-main\config\app.env 文件内容已更新
2025-02-24 11:10:43,661 - [app] - INFO - G:\PythonProject\alist-strm-main\config\app.env 文件已存在，检查内容
2025-02-24 11:10:43,663 - [app] - INFO - G:\PythonProject\alist-strm-main\config\app.env 文件内容已更新
2025-02-24 11:19:35,928 - [app] - INFO - G:\PythonProject\alist-strm-main\config\app.env 文件已存在，检查内容
2025-02-24 11:19:35,931 - [app] - INFO - G:\PythonProject\alist-strm-main\config\app.env 文件内容已更新
2025-02-24 11:31:43,541 - [app] - INFO - G:\PythonProject\alist-strm-main\config\app.env 文件已存在，检查内容
2025-02-24 11:31:43,542 - [app] - INFO - G:\PythonProject\alist-strm-main\config\app.env 文件内容已更新
2025-02-24 11:31:46,370 - [app] - INFO - G:\PythonProject\alist-strm-main\config\app.env 文件已存在，检查内容
2025-02-24 11:31:46,371 - [app] - INFO - G:\PythonProject\alist-strm-main\config\app.env 文件内容已更新
2025-02-24 11:33:34,963 - [app] - INFO - G:\PythonProject\alist-strm-main\config\app.env 文件已存在，检查内容
2025-02-24 11:33:35,002 - [app] - INFO - G:\PythonProject\alist-strm-main\config\app.env 文件内容已更新
2025-02-24 11:33:36,968 - [app] - INFO - G:\PythonProject\alist-strm-main\config\app.env 文件已存在，检查内容
2025-02-24 11:33:36,969 - [app] - INFO - G:\PythonProject\alist-strm-main\config\app.env 文件内容已更新
2025-02-24 11:34:05,067 - [app] - INFO - G:\PythonProject\alist-strm-main\config\app.env 文件已存在，检查内容
2025-02-24 11:34:05,068 - [app] - INFO - G:\PythonProject\alist-strm-main\config\app.env 文件内容已更新
2025-02-24 11:34:07,033 - [app] - INFO - G:\PythonProject\alist-strm-main\config\app.env 文件已存在，检查内容
2025-02-24 11:34:07,035 - [app] - INFO - G:\PythonProject\alist-strm-main\config\app.env 文件内容已更新
2025-02-24 11:34:59,746 - [app] - INFO - G:\PythonProject\alist-strm-main\config\app.env 文件已存在，检查内容
2025-02-24 11:34:59,747 - [app] - INFO - G:\PythonProject\alist-strm-main\config\app.env 文件内容已更新
2025-02-24 11:35:01,653 - [app] - INFO - G:\PythonProject\alist-strm-main\config\app.env 文件已存在，检查内容
2025-02-24 11:35:01,654 - [app] - INFO - G:\PythonProject\alist-strm-main\config\app.env 文件内容已更新
2025-02-27 14:02:36,957 - [app] - INFO - G:\PythonProject\alist-strm-main\config\app.env 文件已存在，检查内容
2025-02-27 14:02:36,983 - [app] - INFO - G:\PythonProject\alist-strm-main\config\app.env 文件内容已更新
2025-02-27 14:02:39,315 - [app] - INFO - G:\PythonProject\alist-strm-main\config\app.env 文件已存在，检查内容
2025-02-27 14:02:39,318 - [app] - INFO - G:\PythonProject\alist-strm-main\config\app.env 文件内容已更新
2025-02-27 14:07:08,517 - [app] - INFO - G:\PythonProject\alist-strm-main\config\app.env 文件已存在，检查内容
2025-02-27 14:07:08,519 - [app] - INFO - G:\PythonProject\alist-strm-main\config\app.env 文件内容已更新
2025-02-27 14:07:10,485 - [app] - INFO - G:\PythonProject\alist-strm-main\config\app.env 文件已存在，检查内容
2025-02-27 14:07:10,487 - [app] - INFO - G:\PythonProject\alist-strm-main\config\app.env 文件内容已更新
2025-02-27 14:08:43,177 - [app] - INFO - G:\PythonProject\alist-strm-main\config\app.env 文件已存在，检查内容
2025-02-27 14:08:43,179 - [app] - INFO - G:\PythonProject\alist-strm-main\config\app.env 文件内容已更新
2025-02-27 14:08:49,216 - [app] - INFO - G:\PythonProject\alist-strm-main\config\app.env 文件已存在，检查内容
2025-02-27 14:08:49,219 - [app] - INFO - G:\PythonProject\alist-strm-main\config\app.env 文件内容已更新
2025-02-27 14:08:51,214 - [app] - INFO - G:\PythonProject\alist-strm-main\config\app.env 文件已存在，检查内容
2025-02-27 14:08:51,216 - [app] - INFO - G:\PythonProject\alist-strm-main\config\app.env 文件内容已更新
